root - INFO - 00001344-0001-54c4-0000-000080172ebd,SHORT,2022-03-11 16:17:16,105.81,107.14,9.0,-9.0,964.26,952.29,11.97,10.9310.89
root - INFO - 0018314c-0001-54c4-0000-0000803201e4,SHORT,2022-03-11 16:14:19,6.67,6.82,180.0,-180.0,1227.6,1200.6,27.0,24.6524.36
root - INFO - 00001344-0001-54c4-0000-000080172a79,SHORT,2022-03-10 15:47:38,105.2,105.69,9.0,-9.0,951.21,946.8,4.41,4.03.98
root - INFO - 00001344-0001-54c4-0000-000080172927,SHORT,2022-03-09 19:50:10,110.92,110.94,9.0,-9.0,998.46,998.28,0.18,0.160.16
root - INFO - 0008e1cf-0001-54c4-0000-0000801200e1,LONG,2022-03-09 17:21:03,1.89,1.88,-10.0,10.0,18.8,18.9,0.1,0.090.09
root - INFO - 00001344-0001-54c4-0000-0000801727ee,SHORT,2022-03-09 16:20:29,109.02,109.61,9.0,-9.0,986.49,981.18,5.31,4.84.83
root - INFO - 00001344-0001-54c4-0000-000080172772,SHORT,2022-03-09 15:18:14,109.27,109.44,9.0,-9.0,984.96,983.43,1.53,1.391.39
root - INFO - 00001344-0001-54c4-0000-0000801726b4,SHORT,2022-03-09 14:30:12,109.1,109.34,9.0,-9.0,984.06,981.9,2.16,1.961.97
root - INFO - 00001344-0001-54c4-0000-00008017265a,SHORT,2022-03-09 13:10:50,109.0,108.99,9.0,-9.0,980.91,981.0,-0.09,-0.08-0.09
root - ERROR - Incomplete trade or Invalid number of rows (not >= 2): 1
root - ERROR - 18    => Trade ID = 00001344-0001-54c4-0000-00008017...
Name: Trade Id, dtype: object
root - INFO - 00001344-0001-54c4-0000-000080162c3c,LONG,2022-03-02 20:00:37,118.56,110.0,-10.0,10.0,1100.0,1185.6,85.6,76.9476.68
root - INFO - 0018314c-0001-54c4-0000-0000802e01a7,SHORT,2022-02-22 17:05:50,4.8,5.23,100.0,-100.0,523.0,480.0,43.0,37.9237.91
root - ERROR - Incomplete trade or Invalid number of rows (not >= 2): 1
root - ERROR - 23    => Trade ID = 0008e1cf-0001-54c4-0000-0000800f...
Name: Trade Id, dtype: object
root - INFO - 0018314c-0001-54c4-0000-000080291ec9,LONG,2022-01-11 15:56:12,5.09,5.0,-5.0,5.0,25.0,25.45,0.45,0.40.4
root - ERROR - RateNotFoundError for ID: 000d23dd-0001-54c4-0000-0000801adffc, date = 2021-12-04
root - ERROR - Trying for the next possible date, counter = 0
root - ERROR - RateNotFoundError for ID: 000d23dd-0001-54c4-0000-0000801adffc, date = 2021-12-06
root - ERROR - Trying for the next possible date, counter = 0
root - INFO - 000d23dd-0001-54c4-0000-0000801adffc,LONG,2021-12-06 21:54:50,0.58,0.55,-50.0,50.0,27.5,29.0,1.5,0.911.32
root - INFO - 0018314c-0001-54c4-0000-0000802506f0,SHORT,2021-12-01 14:29:17,8.83,8.84,90.0,-90.0,795.6,794.7,0.9,0.790.8
root - INFO - 0018314c-0001-54c4-0000-0000802506f2,SHORT,2021-12-01 14:29:17,8.83,8.84,90.0,-90.0,795.6,794.7,0.9,0.790.8
root - INFO - 0018314c-0001-54c4-0000-0000802209a9,SHORT,2021-11-22 16:55:40,9.31,6.78,40.0,-40.0,271.2,372.4,-101.2,-89.88-87.44
root - ERROR - Incomplete trade or Invalid number of rows (not >= 2): 1
root - ERROR - 33    => Trade ID = 0008e1cf-0001-54c4-0000-0000800e...
Name: Trade Id, dtype: object
root - ERROR - Incomplete trade or Invalid number of rows (not >= 2): 1
root - ERROR - 34    => Trade ID = 0018314c-0001-54c4-0000-00008024...
Name: Trade Id, dtype: object
root - INFO - 0018314c-0001-54c4-0000-000080242399,LONG,2021-11-17 19:18:57,10.31,10.3,-90.0,90.0,927.0,927.9,0.9,0.80.8
root - INFO - 00513301-0001-54c4-0000-0000802839d2,LONG,2021-11-17 15:42:51,1101.18,1086.05,-0.6,0.6,651.63,660.71,9.08,8.037.92
root - ERROR - Incomplete trade or Invalid number of rows (not >= 2): 1
root - ERROR - 38    => Trade ID = 0018314c-0001-54c4-0000-00008024...
Name: Trade Id, dtype: object
root - INFO - 0018314c-0001-54c4-0000-0000802421c0,LONG,2021-11-17 14:31:03,10.33,10.31,-130.0,130.0,1340.3,1342.9,2.6,2.32.3
root - INFO - 0018314c-0001-54c4-0000-000080241ef8,LONG,2021-11-16 17:34:32,10.35,10.26,-130.0,130.0,1333.8,1345.5,11.7,10.3310.3
root - INFO - 0018314c-0001-54c4-0000-000080241e8c,LONG,2021-11-16 14:31:32,10.56,10.55,-120.0,120.0,1266.0,1267.2,1.2,1.061.06
root - INFO - 0018314c-0001-54c4-0000-000080241d40,LONG,2021-11-16 10:41:50,10.77,10.76,-120.0,120.0,1291.2,1292.4,1.2,1.061.05
root - INFO - 00513301-0001-54c4-0000-000080286501,SHORT,2021-11-15 20:40:31,1011.07,983.96,0.7,-0.7,688.77,707.75,-18.98,-16.7-16.59
root - INFO - 0018314c-0001-54c4-0000-000080241af2,LONG,2021-11-15 15:10:13,11.01,10.99,-100.0,100.0,1099.0,1101.0,2.0,1.751.75
root - INFO - 0018314c-0001-54c4-0000-00008024197c,LONG,2021-11-15 12:21:12,11.27,11.2,-40.0,40.0,448.0,450.8,2.8,2.452.45
root - INFO - 0018314c-0001-54c4-0000-000080241938,LONG,2021-11-12 19:31:48,11.01,10.97,-125.0,125.0,1371.25,1376.25,5.0,4.374.37
root - INFO - 00513301-0001-54c4-0000-00008028274b,SHORT,2021-11-12 14:41:56,1035.0,1035.0,0.1,-0.1,103.5,103.5,0.0,0.00.0
root - INFO - 00513301-0001-54c4-0000-00008028274d,SHORT,2021-11-12 14:41:56,1035.0,1035.0,0.4,-0.4,414.0,414.0,0.0,0.00.0
root - INFO - 0001a04c-0000-5552-0000-000080120297,LONG,2021-11-12 10:45:00,76.59,76.12,-10.0,10.0,761.2,765.9,4.7,4.74.7
root - INFO - 0018314c-0001-54c4-0000-000080241257,LONG,2021-11-11 22:52:10,11.19,9.99,-10.0,10.0,99.9,111.9,12.0,10.4810.39
root - INFO - 0018314c-0001-54c4-0000-00008024134b,LONG,2021-11-11 22:52:10,11.19,10.41,-35.0,35.0,364.35,391.65,27.3,23.8423.82
root - INFO - 0018314c-0001-54c4-0000-0000802412cd,LONG,2021-11-11 11:44:15,10.5,10.49,-35.0,35.0,367.15,367.5,0.35,0.310.3
root - INFO - 00513301-0001-54c4-0000-00008027e504,LONG,2021-11-11 10:20:53,1104.27,1070.0,-0.6,0.6,642.0,662.56,20.56,17.9217.76
root - INFO - 00513301-0001-54c4-0000-0000802824bd,SHORT,2021-11-10 19:49:27,1032.98,1035.09,0.5,-0.5,517.54,516.49,1.05,0.920.91
root - INFO - 0018314c-0001-54c4-0000-000080240d49,LONG,2021-11-09 20:00:56,10.74,10.2,-10.0,10.0,102.0,107.4,5.4,4.664.66
root - INFO - 0018314c-0001-54c4-0000-000080240dc6,LONG,2021-11-09 20:00:56,10.74,10.0,-10.0,10.0,100.0,107.4,7.4,6.386.39
root - ERROR - RateNotFoundError for ID: 0004405d-0001-54c4-0000-00008024a64a, date = 2021-09-25
root - ERROR - Trying for the next possible date, counter = 0
root - ERROR - RateNotFoundError for ID: 0004405d-0001-54c4-0000-00008024a64a, date = 2021-11-09
root - ERROR - Trying for the next possible date, counter = 0
root - INFO - 0004405d-0001-54c4-0000-00008024a64a,LONG,2021-11-09 08:47:34,2.29,2.33,-300.0,300.0,699.0,687.0,-12.0,-10.389999999999999-10.24
root - INFO - 0018314c-0001-54c4-0000-0000802402c1,LONG,2021-11-08 16:20:53,10.53,9.31,-40.0,40.0,372.4,421.2,48.8,42.1142.14
root - ERROR - RateNotFoundError for ID: 0061241d-0001-54c4-0000-0000804656d8, date = 2021-11-07
root - ERROR - Trying for the next possible date, counter = 0
root - ERROR - RateNotFoundError for ID: 0061241d-0001-54c4-0000-0000804656d8, date = 2021-11-07
root - ERROR - Trying for the next possible date, counter = 1
root - ERROR - RateNotFoundError for ID: 0061241d-0001-54c4-0000-0000804656d8, date = 2021-11-08
root - ERROR - Trying for the next possible date, counter = 0
root - ERROR - RateNotFoundError for ID: 0061241d-0001-54c4-0000-0000804656d8, date = 2021-11-08
root - ERROR - Trying for the next possible date, counter = 1
root - INFO - 0061241d-0001-54c4-0000-0000804656d8,LONG,2021-11-08 04:00:22,1.25,1.22,-500.0,500.0,610.0,625.0,15.0,10.7613.02
root - ERROR - RateNotFoundError for ID: 0015421d-0001-54c4-0000-000081a0cb62, date = 2021-11-06
root - ERROR - Trying for the next possible date, counter = 0
root - ERROR - RateNotFoundError for ID: 0015421d-0001-54c4-0000-000081a0cb62, date = 2021-11-06
root - ERROR - Trying for the next possible date, counter = 0
root - INFO - 0015421d-0001-54c4-0000-000081a0cb62,LONG,2021-11-06 19:50:38,4481.8,4449.95,-0.2,0.2,889.99,896.36,6.37,5.515.53
root - INFO - 003c31ce-0001-54c4-0000-00008022e87a,LONG,2021-11-04 17:45:29,10.1,9.81,-50.0,50.0,490.5,505.0,14.5,12.5612.53
root - INFO - 0008e1cf-0001-54c4-0000-000080010115,LONG,2021-11-02 15:31:43,6.11,5.94,-20.0,20.0,118.8,122.2,3.4,2.932.87
root - INFO - 0008e1cf-0001-54c4-0000-0000800600c6,LONG,2021-11-02 15:31:42,6.11,5.4,-9.0,9.0,48.6,54.99,6.39,5.515.42
root - INFO - 00000006-0001-54c4-0000-00008014096a,LONG,2021-11-01 17:08:13,17.68,16.93,-50.0,50.0,846.5,884.0,37.5,32.3432.35
root - INFO - 0018314c-0001-54c4-0000-000080231a3b,LONG,2021-10-29 15:10:44,7.88,7.9,-10.0,10.0,79.0,78.8,-0.2,-0.17-0.17
root - INFO - 0018314c-0001-54c4-0000-0000802321e4,LONG,2021-10-29 15:10:44,7.88,7.4,-10.0,10.0,74.0,78.8,4.8,4.154.13
root - INFO - 0018314c-0001-54c4-0000-000080232064,LONG,2021-10-29 15:10:44,7.88,7.3,-10.0,10.0,73.0,78.8,5.8,5.015.0
root - INFO - 0018314c-0001-54c4-0000-0000802322d9,LONG,2021-10-29 15:10:44,7.88,7.1,-10.0,10.0,71.0,78.8,7.8,6.746.71
root - INFO - 005505cb-0001-54c4-0000-0000802200a4,SHORT,2021-10-28 13:30:02,51.82,52.5,10.0,-10.0,525.0,518.2,6.8,5.845.88
root - INFO - 0018314c-0001-54c4-0000-000080231d99,LONG,2021-10-25 20:00:23,7.5,7.5,-30.0,30.0,225.0,225.0,0.0,0.00.0
root - INFO - 0018314c-0001-54c4-0000-000080231c6e,LONG,2021-10-25 19:53:23,7.48,7.25,-10.0,10.0,72.5,74.8,2.3,1.981.98
root - INFO - 0004405d-0001-54c4-0000-000080290d7a,SHORT,2021-10-25 13:51:38,2.14,2.2,1.0,-1.0,2.2,2.14,0.06,0.050.05
root - INFO - 0004405d-0001-54c4-0000-000080290d7d,SHORT,2021-10-25 13:51:38,2.14,2.2,20.0,-20.0,44.0,42.8,1.2,0.981.03
root - INFO - 0004405d-0001-54c4-0000-000080290d81,SHORT,2021-10-22 14:02:54,2.15,2.2,229.0,-229.0,503.8,492.35,11.45,9.899.85
root - INFO - 0004405d-0001-54c4-0000-000080284d6d,SHORT,2021-10-21 14:36:49,2.21,2.25,250.0,-250.0,562.5,552.5,10.0,7.748.59
root - INFO - 0018314c-0001-54c4-0000-000080110177,LONG,2021-10-18 14:00:58,8.6,8.51,-5.0,5.0,42.55,43.0,0.45,0.390.38
root - INFO - 0018314c-0001-54c4-0000-000080120160,LONG,2021-10-18 14:00:58,8.6,8.0,-20.0,20.0,160.0,172.0,12.0,10.3410.14
root - INFO - 0018314c-0001-54c4-0000-00008011016e,LONG,2021-10-18 14:00:58,8.6,8.65,-20.0,20.0,173.0,172.0,-1.0,-0.86-0.84
root - INFO - 0008e1cf-0001-54c4-0000-000080070039,SHORT,2021-10-15 19:56:40,5.2,5.26,30.0,-30.0,157.8,156.0,1.8,1.551.55
root - INFO - 0004405d-0001-54c4-0000-00008027307d,LONG,2021-10-15 15:56:29,2.22,2.08,-70.0,70.0,145.6,155.4,9.8,8.538.48
root - INFO - 0004405d-0001-54c4-0000-000080274b42,SHORT,2021-10-14 16:26:45,2.2,2.19,100.0,-100.0,219.0,220.0,-1.0,-1.05-0.87
root - INFO - 0004405d-0001-54c4-0000-00008026ef89,SHORT,2021-10-10 21:37:20,2.2,2.22,18.0,-18.0,39.96,39.6,0.36,0.380.31
root - INFO - 0004405d-0001-54c4-0000-00008026ef8b,SHORT,2021-10-10 21:37:18,2.2,2.22,12.0,-12.0,26.64,26.4,0.24,0.260.21
root - ERROR - RateNotFoundError for ID: 0004405d-0001-54c4-0000-00008026f73c, date = 2021-10-09
root - ERROR - Trying for the next possible date, counter = 0
root - ERROR - RateNotFoundError for ID: 0004405d-0001-54c4-0000-00008026f73c, date = 2021-10-10
root - ERROR - Trying for the next possible date, counter = 0
root - INFO - 0004405d-0001-54c4-0000-00008026f73c,SHORT,2021-10-10 21:37:17,2.2,2.28,30.0,-30.0,68.4,66.0,2.4,2.072.07
root - INFO - 0004405d-0001-54c4-0000-00008026ddb6,SHORT,2021-10-08 21:37:00,2.24,2.3,30.0,-30.0,69.0,67.2,1.8,1.671.56
root - INFO - 0004405d-0001-54c4-0000-00008026e5f7,SHORT,2021-10-08 21:37:00,2.24,2.3,120.0,-120.0,276.0,268.8,7.2,6.636.22
root - INFO - 0004405d-0001-54c4-0000-00008026e5f6,SHORT,2021-10-08 21:37:00,2.24,2.3,30.0,-30.0,69.0,67.2,1.8,1.651.55
root - INFO - 005505cb-0001-54c4-0000-00008022009f,SHORT,2021-10-08 13:53:55,52.44,52.49,10.0,-10.0,524.9,524.4,0.5,0.430.43
root - INFO - 0008e1cf-0001-54c4-0000-000080060226,LONG,2021-10-07 14:40:44,5.11,5.0,-141.0,141.0,705.0,720.51,15.51,13.4113.44
root - INFO - 0015421d-0001-54c4-0000-00008194acbe,SHORT,2021-10-06 19:44:38,3581.7,3583.42,0.2,-0.2,716.68,716.34,0.34,0.30.3
root - INFO - 0015421d-0001-54c4-0000-0000819493a9,LONG,2021-10-06 15:23:35,3604.26,3600.0,-0.19,0.19,684.0,684.81,0.81,0.70.7
root - INFO - 0000e255-0001-54c4-0000-0000802200a5,LONG,2021-10-05 19:04:36,23.97,23.66,-10.0,10.0,236.6,239.7,3.1,2.672.66
root - INFO - 0000e255-0001-54c4-0000-0000802200a3,LONG,2021-10-05 19:04:34,23.97,23.77,-20.0,20.0,475.4,479.4,4.0,3.453.43
root - INFO - 0018314c-0001-54c4-0000-000080201d4c,SHORT,2021-09-30 08:13:06,6.83,6.87,20.0,-20.0,137.4,136.6,0.8,0.690.69
root - ERROR - RateNotFoundError for ID: 0004405d-0001-54c4-0000-000080229f07, date = 2021-09-19
root - ERROR - Trying for the next possible date, counter = 0
root - ERROR - RateNotFoundError for ID: 0004405d-0001-54c4-0000-000080229f07, date = 2021-09-19
root - ERROR - Trying for the next possible date, counter = 1
root - ERROR - RateNotFoundError for ID: 0004405d-0001-54c4-0000-000080229f07, date = 2021-09-25
root - ERROR - Trying for the next possible date, counter = 0
root - ERROR - RateNotFoundError for ID: 0004405d-0001-54c4-0000-000080229f07, date = 2021-09-25
root - ERROR - Trying for the next possible date, counter = 1
root - INFO - 0004405d-0001-54c4-0000-000080229f07,LONG,2021-09-25 13:14:30,2.37,2.31,-130.0,130.0,300.3,308.1,7.8,6.586.62
root - ERROR - RateNotFoundError for ID: 0004405d-0001-54c4-0000-000080229efc, date = 2021-09-19
root - ERROR - Trying for the next possible date, counter = 0
root - ERROR - RateNotFoundError for ID: 0004405d-0001-54c4-0000-000080229efc, date = 2021-09-19
root - ERROR - Trying for the next possible date, counter = 1
root - ERROR - RateNotFoundError for ID: 0004405d-0001-54c4-0000-000080229efc, date = 2021-09-25
root - ERROR - Trying for the next possible date, counter = 0
root - ERROR - RateNotFoundError for ID: 0004405d-0001-54c4-0000-000080229efc, date = 2021-09-25
root - ERROR - Trying for the next possible date, counter = 1
root - INFO - 0004405d-0001-54c4-0000-000080229efc,LONG,2021-09-25 13:14:30,2.37,2.31,-40.0,40.0,92.4,94.8,2.4,2.022.04
root - ERROR - RateNotFoundError for ID: 0004405d-0001-54c4-0000-000080229ee3, date = 2021-09-19
root - ERROR - Trying for the next possible date, counter = 0
root - ERROR - RateNotFoundError for ID: 0004405d-0001-54c4-0000-000080229ee3, date = 2021-09-19
root - ERROR - Trying for the next possible date, counter = 1
root - ERROR - RateNotFoundError for ID: 0004405d-0001-54c4-0000-000080229ee3, date = 2021-09-25
root - ERROR - Trying for the next possible date, counter = 0
root - ERROR - RateNotFoundError for ID: 0004405d-0001-54c4-0000-000080229ee3, date = 2021-09-25
root - ERROR - Trying for the next possible date, counter = 1
root - INFO - 0004405d-0001-54c4-0000-000080229ee3,LONG,2021-09-25 13:14:30,2.37,2.31,-50.0,50.0,115.5,118.5,3.0,2.532.54
root - ERROR - RateNotFoundError for ID: 0004405d-0001-54c4-0000-000080229edf, date = 2021-09-19
root - ERROR - Trying for the next possible date, counter = 0
root - ERROR - RateNotFoundError for ID: 0004405d-0001-54c4-0000-000080229edf, date = 2021-09-19
root - ERROR - Trying for the next possible date, counter = 1
root - ERROR - RateNotFoundError for ID: 0004405d-0001-54c4-0000-000080229edf, date = 2021-09-25
root - ERROR - Trying for the next possible date, counter = 0
root - ERROR - RateNotFoundError for ID: 0004405d-0001-54c4-0000-000080229edf, date = 2021-09-25
root - ERROR - Trying for the next possible date, counter = 1
root - INFO - 0004405d-0001-54c4-0000-000080229edf,LONG,2021-09-25 13:14:30,2.37,2.31,-80.0,80.0,184.8,189.6,4.8,4.054.07
root - INFO - 0004405d-0001-54c4-0000-00008024251e,SHORT,2021-09-24 10:18:35,2.17,2.19,200.0,-200.0,438.0,434.0,4.0,2.763.41
root - INFO - 0004405d-0001-54c4-0000-000080227371,LONG,2021-09-18 20:05:38,2.36,2.34,-247.0,247.0,577.98,582.92,4.94,4.494.19
root - INFO - 0004405d-0001-54c4-0000-00008022736f,LONG,2021-09-18 20:05:23,2.36,2.34,-53.0,53.0,124.02,125.08,1.06,0.940.9
root - INFO - 0040c512-0001-54c4-0000-000080220d3d,SHORT,2021-09-17 16:12:56,28.71,28.89,20.0,-20.0,577.8,574.2,3.6,3.073.05
root - INFO - 0018314c-0001-54c4-0000-000080201635,LONG,2021-09-17 13:53:17,6.23,6.22,-90.0,90.0,559.8,560.7,0.9,0.770.77
root - INFO - 0018314c-0001-54c4-0000-00008020124e,LONG,2021-09-17 13:32:14,6.2,6.17,-20.0,20.0,123.4,124.0,0.6,0.510.51
root - INFO - 0004405d-0001-54c4-0000-00008021e8da,LONG,2021-09-15 13:53:38,2.48,2.44,-50.0,50.0,122.0,124.0,2.0,1.861.69
root - INFO - 0018314c-0001-54c4-0000-00008020113d,SHORT,2021-09-15 11:43:33,6.61,6.63,40.0,-40.0,265.2,264.4,0.8,0.680.68
root - ERROR - RateNotFoundError for ID: 0015421d-0001-54c4-0000-0000818b6048, date = 2021-09-11
root - ERROR - Trying for the next possible date, counter = 0
root - ERROR - RateNotFoundError for ID: 0015421d-0001-54c4-0000-0000818b6048, date = 2021-09-13
root - ERROR - Trying for the next possible date, counter = 0
root - INFO - 0015421d-0001-54c4-0000-0000818b6048,SHORT,2021-09-13 07:27:42,3205.48,3235.02,0.04,-0.04,129.4,128.22,1.18,1.01.0
root - INFO - 0015421d-0001-54c4-0000-0000818b4002,LONG,2021-09-11 09:47:19,3251.75,3225.83,-0.04,0.04,129.03,130.07,1.04,0.880.88
root - INFO - 0001934d-0001-54c4-0000-00008006023b,SHORT,2021-09-10 19:18:00,17.25,18.07,8.0,-8.0,144.56,138.0,6.56,5.555.54
root - INFO - 0001934d-0001-54c4-0000-000080060238,SHORT,2021-09-10 13:51:30,18.09,18.16,8.0,-8.0,145.28,144.72,0.56,0.470.47
root - INFO - 0015421d-0001-54c4-0000-0000818a5c9a,SHORT,2021-09-08 22:20:21,3547.17,3468.29,0.04,-0.04,138.73,141.89,-3.16,-2.67-2.67
root - INFO - 00000082-0001-54c4-0000-000080130397,SHORT,2021-09-08 15:22:30,10.58,11.05,10.0,-10.0,110.5,105.8,4.7,3.983.98
root - INFO - 0008e1cf-0001-54c4-0000-00008003003d,LONG,2021-09-08 14:29:42,5.49,5.49,-20.0,20.0,109.8,109.8,0.0,0.00.0
root - INFO - 005505cb-0001-54c4-0000-00008021001a,LONG,2021-08-23 13:30:44,42.21,40.97,-1.0,1.0,40.97,42.21,1.24,1.061.06
root - INFO - 0018314c-0001-54c4-0000-0000801b0102,SHORT,2021-08-16 18:17:44,6.17,6.9,20.0,-20.0,138.0,123.4,14.6,12.412.42
root - ERROR - RateNotFoundError for ID: 0015421d-0001-54c4-0000-00008130be51, date = 2021-08-14
root - ERROR - Trying for the next possible date, counter = 0
root - ERROR - RateNotFoundError for ID: 0015421d-0001-54c4-0000-00008130be51, date = 2021-08-14
root - ERROR - Trying for the next possible date, counter = 0
root - INFO - 0015421d-0001-54c4-0000-00008130be51,SHORT,2021-08-14 09:58:52,3264.85,3288.45,0.01,-0.01,32.88,32.65,0.23,0.20.2
root - ERROR - RateNotFoundError for ID: 0015421d-0001-54c4-0000-00008130be54, date = 2021-08-14
root - ERROR - Trying for the next possible date, counter = 0
root - ERROR - RateNotFoundError for ID: 0015421d-0001-54c4-0000-00008130be54, date = 2021-08-14
root - ERROR - Trying for the next possible date, counter = 0
root - INFO - 0015421d-0001-54c4-0000-00008130be54,SHORT,2021-08-14 07:32:37,3327.78,3288.45,0.03,-0.03,98.65,99.83,-1.18,-1.0-1.01
root - INFO - 0001934d-0001-54c4-0000-00008003082b,SHORT,2021-08-13 15:37:04,11.12,11.72,10.0,-10.0,117.2,111.2,6.0,5.095.04
root - INFO - 0018314c-0001-54c4-0000-0000801b01a2,SHORT,2021-08-12 08:11:02,7.12,7.35,10.0,-10.0,73.5,71.2,2.3,1.961.95
root - INFO - 0001934d-0001-54c4-0000-000080030116,LONG,2021-08-06 16:16:25,12.41,11.97,-10.0,10.0,119.7,124.1,4.4,3.743.73
root - INFO - 005505cb-0001-54c4-0000-0000802000b2,LONG,2021-07-23 15:40:01,55.05,55.05,-2.0,2.0,110.1,110.1,0.0,0.00.0
root - INFO - 0001934d-0001-54c4-0000-000080020466,LONG,2021-07-13 14:42:08,16.55,15.03,-14.0,14.0,210.42,231.7,21.28,17.9917.98
root - INFO - 0018314c-0001-54c4-0000-00008012027c,SHORT,2021-07-13 14:41:58,7.7,7.76,45.0,-45.0,349.2,346.5,2.7,2.282.28
root - INFO - 0001934d-0001-54c4-0000-00008002038e,LONG,2021-07-08 14:04:08,15.49,15.09,-14.0,14.0,211.26,216.86,5.6,4.724.73
root - INFO - 0001934d-0001-54c4-0000-000080010bb8,LONG,2021-07-06 19:41:05,17.02,19.53,-10.0,10.0,195.3,170.2,-25.1,-21.23-21.23
root - INFO - 0001934d-0001-54c4-0000-000080010a16,LONG,2021-07-06 19:41:05,17.02,19.05,-10.0,10.0,190.5,170.2,-20.3,-17.17-17.08
root - INFO - 0001934d-0001-54c4-0000-0000800108d2,SHORT,2021-07-06 13:45:27,15.24,18.23,20.0,-20.0,364.6,304.8,59.8,50.5550.32
root - ERROR - Incomplete trade or Invalid number of rows (not >= 2): 1
root - ERROR - 218    => Trade ID = 0008e1cf-0001-54c4-0000-00008000...
Name: Trade Id, dtype: object
root - INFO - 0001934d-0001-54c4-0000-0000800109b7,SHORT,2021-07-01 13:32:05,18.97,20.06,9.0,-9.0,180.54,170.73,9.81,8.278.26
root - INFO - 0001934d-0001-54c4-0000-00008001030e,LONG,2021-06-30 17:40:49,18.64,17.87,-30.0,30.0,536.1,559.2,23.1,19.4919.39
root - ERROR - Incomplete trade or Invalid number of rows (not >= 2): 1
root - ERROR - 226    => Trade ID = 0008e1cf-0001-54c4-0000-00008000...
Name: Trade Id, dtype: object
root - INFO - 00000082-0001-54c4-0000-000080100073,SHORT,2021-06-29 15:08:17,12.28,12.73,11.0,-11.0,140.03,135.08,4.95,4.164.16
root - INFO - 0008e1cf-0001-54c4-0000-0000800000cb,LONG,2021-06-25 19:43:37,7.39,7.2,-20.0,20.0,144.0,147.8,3.8,3.183.19
root - INFO - 0008e1cf-0001-54c4-0000-0000800000b0,LONG,2021-06-25 16:13:47,7.43,7.37,-30.0,30.0,221.1,222.9,1.8,1.511.51
root - INFO - 0008e1cf-0001-54c4-0000-0000800000f3,LONG,2021-06-25 15:41:12,7.32,7.18,-43.0,43.0,308.74,314.76,6.02,5.045.05
root - INFO - 00000082-0001-54c4-0000-0000800e17c5,SHORT,2021-06-25 14:39:42,12.0,12.35,10.0,-10.0,123.5,120.0,3.5,2.932.86
root - INFO - 00000082-0001-54c4-0000-0000800e16a0,SHORT,2021-06-25 14:39:40,12.0,12.03,1.0,-1.0,12.03,12.0,0.03,0.030.02
root - ERROR - Incomplete trade or Invalid number of rows (not >= 2): 1
root - ERROR - 235    => Trade ID = 00000082-0001-54c4-0000-0000800f...
Name: Trade Id, dtype: object
root - INFO - 0045435d-0001-54c4-0000-000080201404,LONG,2021-06-24 17:32:17,6.13,6.1,-50.0,50.0,305.0,306.5,1.5,1.011.26
root - INFO - 005505cb-0001-54c4-0000-0000801f008b,LONG,2021-06-24 15:17:06,57.88,56.93,-5.0,5.0,284.65,289.4,4.75,3.983.98
root - INFO - 0001934d-0001-54c4-0000-000080010062,LONG,2021-06-24 14:02:07,21.1,20.82,-20.0,20.0,416.4,422.0,5.6,4.68999999999999954.69
root - INFO - 0015421d-0001-54c4-0000-000080622b16,LONG,2021-06-23 21:18:51,1950.82,1933.91,-0.2,0.2,386.78,390.16,3.38,2.842.83
root - INFO - 0008e1cf-0001-54c4-0000-000080000096,LONG,2021-06-23 19:33:00,7.28,7.2,-5.0,5.0,36.0,36.4,0.4,0.340.34
root - INFO - 0001934d-0001-54c4-0000-000080000421,SHORT,2021-06-23 17:50:12,20.95,20.92,20.0,-20.0,418.4,419.0,-0.6,-0.5-0.5
root - INFO - 0001934d-0001-54c4-0000-000080000375,LONG,2021-06-23 17:18:56,20.87,20.54,-20.0,20.0,410.8,417.4,6.6,5.535.52
root - INFO - 0001934d-0001-54c4-0000-000080000158,SHORT,2021-06-23 16:18:05,21.37,21.07,20.0,-20.0,421.4,427.4,-6.0,-5.02-5.02
root - INFO - 0008e1cf-0001-54c4-0000-00008000006e,LONG,2021-06-23 13:42:22,7.24,7.09,-63.0,63.0,446.67,456.12,9.45,7.97.95
root - INFO - 0008e1cf-0001-54c4-0000-00008000007e,LONG,2021-06-23 13:41:44,7.24,7.15,-10.0,10.0,71.5,72.4,0.9,0.750.76
root - INFO - 00000082-0001-54c4-0000-0000800fe692,LONG,2021-06-23 13:30:23,13.23,13.2,-10.0,10.0,132.0,132.3,0.3,0.250.25
root - INFO - 00000082-0001-54c4-0000-0000800e1626,SHORT,2021-06-22 17:26:59,13.26,11.51,1.0,-1.0,11.51,13.26,-1.75,-1.47-1.43
root - INFO - 00000082-0001-54c4-0000-0000800fd4c7,LONG,2021-06-22 16:54:33,13.43,13.38,-5.0,5.0,66.9,67.15,0.25,0.210.21
root - INFO - 00000082-0001-54c4-0000-0000800fd472,LONG,2021-06-22 16:54:31,13.43,13.3,-1.0,1.0,13.3,13.43,0.13,0.110.11
root - INFO - 00000082-0001-54c4-0000-0000800fd46a,LONG,2021-06-22 16:54:28,13.44,13.3,-1.0,1.0,13.3,13.44,0.14,0.120.12
root - INFO - 00000082-0001-54c4-0000-0000800fd470,LONG,2021-06-22 16:54:25,13.45,13.3,-1.0,1.0,13.3,13.45,0.15,0.130.12
root - INFO - 00000082-0001-54c4-0000-0000800fd46e,LONG,2021-06-22 16:54:21,13.46,13.3,-1.0,1.0,13.3,13.46,0.16,0.130.13
root - INFO - 00000082-0001-54c4-0000-0000800fd46c,LONG,2021-06-22 16:54:18,13.46,13.3,-1.0,1.0,13.3,13.46,0.16,0.130.13
root - INFO - 0015421d-0001-54c4-0000-00008061c207,LONG,2021-06-22 14:35:00,1749.65,1725.46,-0.05,0.05,86.27,87.48,1.21,1.021.02
root - INFO - 00000082-0001-54c4-0000-0000800fdea4,SHORT,2021-06-22 09:29:01,12.75,12.66,39.0,-39.0,493.74,497.25,-3.51,-2.95-2.95
root - INFO - 00000082-0001-54c4-0000-0000800fc7f5,SHORT,2021-06-21 13:47:22,12.43,12.56,47.0,-47.0,590.32,584.21,6.11,5.135.12
root - INFO - 00000082-0001-54c4-0000-0000800fd917,LONG,2021-06-21 12:46:32,12.96,12.86,-39.0,39.0,501.54,505.44,3.9,3.283.28
root - INFO - 00000082-0001-54c4-0000-0000800fd61e,LONG,2021-06-21 12:22:59,13.04,13.0,-5.0,5.0,65.0,65.2,0.2,0.170.17
root - INFO - 00000082-0001-54c4-0000-0000800fd6cc,LONG,2021-06-18 18:53:43,12.64,12.8,-10.0,10.0,128.0,126.4,-1.6,-1.35-1.34
root - INFO - 00000082-0001-54c4-0000-0000800fcd52,LONG,2021-06-17 18:27:01,13.36,13.3,-1.0,1.0,13.3,13.36,0.06,0.050.05
root - INFO - 00000082-0001-54c4-0000-0000800fcd63,LONG,2021-06-17 18:26:59,13.36,13.3,-1.0,1.0,13.3,13.36,0.06,0.050.05
root - INFO - 00000082-0001-54c4-0000-0000800fc9f0,LONG,2021-06-17 17:44:22,13.34,13.3,-5.0,5.0,66.5,66.7,0.2,0.170.17
root - INFO - 00000082-0001-54c4-0000-0000800fca3f,LONG,2021-06-17 17:44:20,13.34,13.2,-5.0,5.0,66.0,66.7,0.7,0.590.59
root - INFO - 00000082-0001-54c4-0000-0000800fcc25,LONG,2021-06-17 17:44:15,13.34,13.1,-1.0,1.0,13.1,13.34,0.24,0.20.21
root - INFO - 00000082-0001-54c4-0000-0000800fcc27,LONG,2021-06-17 17:44:14,13.34,13.1,-1.0,1.0,13.1,13.34,0.24,0.20.21
root - INFO - 00000082-0001-54c4-0000-0000800fcc45,LONG,2021-06-17 17:44:13,13.34,13.1,-3.0,3.0,39.3,40.02,0.72,0.60.61
root - INFO - 00000082-0001-54c4-0000-0000800fcb8c,LONG,2021-06-17 17:29:56,13.36,13.3,-5.0,5.0,66.5,66.8,0.3,0.250.25
root - INFO - 00000082-0001-54c4-0000-0000800fbc3f,LONG,2021-06-17 15:23:30,13.45,13.43,-5.0,5.0,67.15,67.25,0.1,0.080.08
root - INFO - 00000082-0001-54c4-0000-0000800e6402,LONG,2021-06-17 14:40:30,13.25,20.0,-50.0,50.0,1000.0,662.5,-337.5,-282.89-276.94
root - INFO - 00000082-0001-54c4-0000-0000800fc172,SHORT,2021-06-16 16:53:28,12.91,12.7,45.0,-45.0,571.5,580.95,-9.45,-7.8-7.79
root - INFO - 00000082-0001-54c4-0000-0000800fbb56,LONG,2021-06-16 13:35:15,13.59,13.47,-5.0,5.0,67.35,67.95,0.6,0.50.5
root - INFO - 00000082-0001-54c4-0000-0000800fb64f,LONG,2021-06-15 16:40:40,13.83,13.73,-5.0,5.0,68.65,69.15,0.5,0.410.41
root - INFO - 00000082-0001-54c4-0000-0000800fa306,SHORT,2021-06-14 13:53:26,14.11,14.23,5.0,-5.0,71.15,70.55,0.6,0.50.49
root - INFO - 00000082-0001-54c4-0000-0000800f72c1,SHORT,2021-06-09 14:06:04,15.2,14.3,40.0,-40.0,572.0,608.0,-36.0,-29.479999999999997-29.52
root - INFO - 00000082-0001-54c4-0000-0000800f72c3,SHORT,2021-06-09 13:45:03,15.18,14.3,10.0,-10.0,143.0,151.8,-8.8,-7.2-7.22
root - INFO - 00000082-0001-54c4-0000-0000800f67d5,SHORT,2021-06-09 11:01:48,15.62,15.69,30.0,-30.0,470.7,468.6,2.1,1.721.72
root - INFO - 00000082-0001-54c4-0000-0000800f4450,SHORT,2021-06-08 10:57:29,15.85,15.88,43.0,-43.0,682.84,681.55,1.29,1.061.06
root - INFO - 00000082-0001-54c4-0000-0000800f4290,SHORT,2021-06-08 10:48:53,15.72,15.94,5.0,-5.0,79.7,78.6,1.1,0.90.9
root - INFO - 00000082-0001-54c4-0000-0000800f0c01,LONG,2021-06-07 08:14:27,13.88,13.8,-3.0,3.0,41.4,41.64,0.24,0.20.19
root - INFO - 00000082-0001-54c4-0000-0000800efda1,SHORT,2021-06-04 18:50:58,14.15,14.3,48.0,-48.0,686.4,679.2,7.2,5.925.95
root - INFO - 00000082-0001-54c4-0000-0000800ec827,SHORT,2021-06-04 17:22:53,14.5,15.78,1.0,-1.0,15.78,14.5,1.28,1.051.05
root - INFO - 00000082-0001-54c4-0000-0000800e9352,SHORT,2021-06-03 13:37:02,18.59,19.02,43.0,-43.0,817.86,799.37,18.49,15.2215.17
root - INFO - 00000082-0001-54c4-0000-0000800e7492,SHORT,2021-06-03 11:52:59,17.66,17.78,44.0,-44.0,782.32,777.04,5.28,4.334.33
root - ERROR - Incomplete trade or Invalid number of rows (not >= 2): 1
root - ERROR - 341    => Trade ID = 00000082-0001-54c4-0000-0000800e...
Name: Trade Id, dtype: object
root - INFO - 00000082-0001-54c4-0000-0000800e3e16,LONG,2021-06-03 09:04:12,20.64,16.36,-1.0,1.0,16.36,20.64,4.28,3.513.51
root - INFO - 00000082-0001-54c4-0000-0000800e2be6,LONG,2021-06-03 09:04:11,20.62,12.93,-1.0,1.0,12.93,20.62,7.69,6.316.31
root - INFO - 00000082-0001-54c4-0000-0000800e5dc7,SHORT,2021-06-03 08:58:07,20.72,20.96,20.0,-20.0,419.2,414.4,4.8,3.943.94
root - INFO - 00000082-0001-54c4-0000-0000800e5b55,LONG,2021-06-03 08:49:57,20.73,20.49,-20.0,20.0,409.8,414.6,4.8,3.943.94
root - INFO - 00000082-0001-54c4-0000-0000800e29c4,LONG,2021-06-03 08:22:07,18.9,12.65,-10.0,10.0,126.5,189.0,62.5,51.2851.29
root - INFO - 00000082-0001-54c4-0000-0000800e5394,SHORT,2021-06-03 08:14:12,19.58,19.63,20.0,-20.0,392.6,391.6,1.0,0.820.82
root - INFO - 00000082-0001-54c4-0000-0000800e4c68,LONG,2021-06-02 23:26:12,15.8,14.92,-20.0,20.0,298.4,316.0,17.6,14.4114.44
root - INFO - 00000082-0001-54c4-0000-0000800e2119,SHORT,2021-06-02 16:35:05,13.53,13.79,10.0,-10.0,137.9,135.3,2.6,2.132.13
root - INFO - 00000082-0001-54c4-0000-0000800e0921,LONG,2021-06-01 20:06:45,11.8,11.75,-10.0,10.0,117.5,118.0,0.5,0.410.41
root - INFO - 00000082-0001-54c4-0000-0000800e09f8,LONG,2021-06-01 19:56:49,11.45,11.4,-90.0,90.0,1026.0,1030.5,4.5,3.683.71
root - INFO - 00000082-0001-54c4-0000-0000800e01bf,SHORT,2021-05-28 15:40:26,11.0,9.28,100.0,-100.0,928.0,1100.0,-172.0,-141.06-140.65
root - INFO - 00000082-0001-54c4-0000-0000800e0559,LONG,2021-05-28 14:30:59,10.99,9.9,-5.0,5.0,49.5,54.95,5.45,4.484.47
root - INFO - 00000082-0001-54c4-0000-0000800e0298,LONG,2021-05-27 19:48:14,9.89,9.88,-120.0,120.0,1185.6,1186.8,1.2,0.980.98
root - INFO - 000122d4-0001-54c4-0000-0000801f027e,LONG,2021-05-27 13:33:29,17.7,17.59,-1.0,1.0,17.59,17.7,0.11,0.090.09
root - INFO - 00007345-0001-54c4-0000-0000804f6629,LONG,2021-05-26 14:25:43,239.94,212.68,-5.0,5.0,1063.4,1199.7,136.3,111.39111.14
root - INFO - 00007345-0001-54c4-0000-0000804f7259,SHORT,2021-05-26 09:41:43,218.3,206.75,5.0,-5.0,1033.75,1091.5,-57.75,-47.17-47.09
root - INFO - 0015421d-0001-54c4-0000-000080580b81,LONG,2021-05-26 08:12:19,2819.33,2656.2,-0.03,0.03,79.69,84.58,4.89,4.03.99
root - INFO - 00007345-0001-54c4-0000-0000804f5c6e,SHORT,2021-05-25 18:40:55,215.78,197.03,5.0,-5.0,985.15,1078.9,-93.75,-76.51-76.44
root - INFO - 00007345-0001-54c4-0000-0000804f59e8,SHORT,2021-05-25 18:40:45,214.28,193.28,1.0,-1.0,193.28,214.28,-21.0,-17.14-17.12
root - INFO - 00007345-0001-54c4-0000-0000804f5ac4,LONG,2021-05-25 18:20:15,201.25,196.59,-1.0,1.0,196.59,201.25,4.66,3.83.8
root - INFO - 00007345-0001-54c4-0000-0000804f5bb6,LONG,2021-05-25 18:20:15,201.25,196.75,-4.0,4.0,787.0,805.0,18.0,14.6914.67
root - INFO - 00007345-0001-54c4-0000-0000804f51b1,LONG,2021-05-25 18:20:15,201.25,192.84,-1.0,1.0,192.84,201.25,8.41,6.866.86
root - INFO - 0004d68e-0001-54c4-0000-0000800e010c,SHORT,2021-05-25 18:07:49,3246.13,3210.49,0.3,-0.3,963.15,973.84,-10.69,-8.73-8.72
root - INFO - 00007345-0001-54c4-0000-0000804f5265,SHORT,2021-05-25 15:32:34,189.26,189.32,5.0,-5.0,946.6,946.3,0.3,0.250.24
root - INFO - 00007345-0001-54c4-0000-0000804f51af,LONG,2021-05-25 14:57:47,192.95,192.84,-4.0,4.0,771.36,771.8,0.44,0.360.36
root - INFO - 0015421d-0001-54c4-0000-00008058668b,LONG,2021-05-25 14:28:06,2616.97,2607.17,-0.5,0.5,1303.59,1308.48,4.89,4.03.99
root - INFO - 0015421d-0001-54c4-0000-000080584c7a,SHORT,2021-05-25 14:20:34,2608.86,2441.81,1.9,-1.9,4639.44,4956.83,-317.39,-259.09-258.81
root - ERROR - Incomplete trade or Invalid number of rows (not >= 2): 1
root - ERROR - 401    => Trade ID = 0050f552-0001-54c4-0000-00004010...
Name: Trade Id, dtype: object
root - ERROR - Incomplete trade or Invalid number of rows (not >= 2): 1
root - ERROR - 402    => Trade ID = 0050f552-0001-54c4-0000-00004010...
Name: Trade Id, dtype: object
root - INFO - 0015421d-0001-54c4-0000-000080580b82,LONG,2021-05-25 13:12:10,2476.64,2656.2,-1.87,1.87,4967.09,4631.32,-335.77,-274.01-273.79
root - INFO - 0015421d-0001-54c4-0000-000080583f33,SHORT,2021-05-25 10:29:07,2471.78,2483.6,1.9,-1.9,4718.84,4696.38,22.46,18.3318.32
root - INFO - 0015421d-0001-54c4-0000-0000805788de,SHORT,2021-05-25 09:36:14,2545.33,2369.18,1.17,-1.17,2771.94,2978.04,-206.1,-168.16-168.76
root - ERROR - RateNotFoundError for ID: 0015421d-0001-54c4-0000-000080570035, date = 2021-05-23
root - ERROR - Trying for the next possible date, counter = 0
root - ERROR - RateNotFoundError for ID: 0015421d-0001-54c4-0000-000080570035, date = 2021-05-23
root - ERROR - Trying for the next possible date, counter = 1
root - ERROR - RateNotFoundError for ID: 0015421d-0001-54c4-0000-000080570035, date = 2021-05-25
root - ERROR - Trying for the next possible date, counter = 0
root - ERROR - RateNotFoundError for ID: 0015421d-0001-54c4-0000-000080570035, date = 2021-05-25
root - ERROR - Trying for the next possible date, counter = 1
root - INFO - 0015421d-0001-54c4-0000-000080570035,SHORT,2021-05-25 09:36:14,2545.33,1836.64,0.1,-0.1,183.66,254.53,-70.87,-57.82-58.15
root - ERROR - RateNotFoundError for ID: 0015421d-0001-54c4-0000-000080570032, date = 2021-05-23
root - ERROR - Trying for the next possible date, counter = 0
root - ERROR - RateNotFoundError for ID: 0015421d-0001-54c4-0000-000080570032, date = 2021-05-23
root - ERROR - Trying for the next possible date, counter = 1
root - ERROR - RateNotFoundError for ID: 0015421d-0001-54c4-0000-000080570032, date = 2021-05-25
root - ERROR - Trying for the next possible date, counter = 0
root - ERROR - RateNotFoundError for ID: 0015421d-0001-54c4-0000-000080570032, date = 2021-05-25
root - ERROR - Trying for the next possible date, counter = 1
root - INFO - 0015421d-0001-54c4-0000-000080570032,SHORT,2021-05-25 09:20:22,2586.79,1836.64,0.67,-0.67,1230.55,1733.15,-502.6,-409.98-412.37
root - INFO - 0018314c-0001-54c4-0000-0000801002fb,LONG,2021-05-24 23:56:52,8.44,8.25,-5.0,5.0,41.25,42.2,0.95,0.780.78
root - INFO - 0018314c-0001-54c4-0000-0000801002f7,LONG,2021-05-24 23:56:52,8.44,8.3,-5.0,5.0,41.5,42.2,0.7,0.570.58
root - INFO - 0018314c-0001-54c4-0000-0000801002f5,LONG,2021-05-24 23:56:52,8.44,8.35,-5.0,5.0,41.75,42.2,0.45,0.370.37
root - INFO - 0018314c-0001-54c4-0000-0000801002c1,LONG,2021-05-24 23:56:52,8.44,8.5,-5.0,5.0,42.5,42.2,-0.3,-0.25-0.24
root - INFO - 0018314c-0001-54c4-0000-0000801002bb,LONG,2021-05-24 23:56:52,8.44,8.6,-5.0,5.0,43.0,42.2,-0.8,-0.65-0.65
root - INFO - 0018314c-0001-54c4-0000-00008010029b,LONG,2021-05-24 23:56:52,8.44,8.75,-5.0,5.0,43.75,42.2,-1.55,-1.27-1.27
root - ERROR - Incomplete trade or Invalid number of rows (not >= 2): 1
root - ERROR - 418    => Trade ID = 0018314c-0001-54c4-0000-00008009...
Name: Trade Id, dtype: object
root - INFO - 0018314c-0001-54c4-0000-0000801002a2,LONG,2021-05-24 23:56:52,8.44,8.7,-5.0,5.0,43.5,42.2,-1.3,-1.06-1.06
root - INFO - 0018314c-0001-54c4-0000-00008010029a,LONG,2021-05-24 23:56:52,8.44,8.8,-5.0,5.0,44.0,42.2,-1.8,-1.47-1.47
root - ERROR - Incomplete trade or Invalid number of rows (not >= 2): 1
root - ERROR - 421    => Trade ID = 0018314c-0001-54c4-0000-0000800b...
Name: Trade Id, dtype: object
root - INFO - 0018314c-0001-54c4-0000-0000801002da,LONG,2021-05-24 23:56:52,8.44,8.45,-5.0,5.0,42.25,42.2,-0.05,-0.04-0.04
root - INFO - 0018314c-0001-54c4-0000-0000801002e5,LONG,2021-05-24 23:56:52,8.44,8.4,-5.0,5.0,42.0,42.2,0.2,0.160.17
root - INFO - 0018314c-0001-54c4-0000-0000801002bf,LONG,2021-05-24 23:56:52,8.44,8.55,-5.0,5.0,42.75,42.2,-0.55,-0.45-0.45
root - INFO - 0018314c-0001-54c4-0000-0000801002b8,LONG,2021-05-24 23:56:52,8.44,8.65,-5.0,5.0,43.25,42.2,-1.05,-0.86-0.86
root - ERROR - Incomplete trade or Invalid number of rows (not >= 2): 1
root - ERROR - 426    => Trade ID = 0018314c-0001-54c4-0000-0000800e...
Name: Trade Id, dtype: object
root - ERROR - Incomplete trade or Invalid number of rows (not >= 2): 1
root - ERROR - 427    => Trade ID = 0018314c-0001-54c4-0000-0000800e...
Name: Trade Id, dtype: object
root - ERROR - Incomplete trade or Invalid number of rows (not >= 2): 1
root - ERROR - 428    => Trade ID = 0018314c-0001-54c4-0000-0000800e...
Name: Trade Id, dtype: object
root - ERROR - Incomplete trade or Invalid number of rows (not >= 2): 1
root - ERROR - 429    => Trade ID = 0018314c-0001-54c4-0000-0000800f...
Name: Trade Id, dtype: object
root - ERROR - Incomplete trade or Invalid number of rows (not >= 2): 1
root - ERROR - 430    => Trade ID = 0018314c-0001-54c4-0000-0000800e...
Name: Trade Id, dtype: object
root - INFO - 0015421d-0001-54c4-0000-000080579fa3,LONG,2021-05-24 22:42:31,2540.6,2525.13,-1.9,1.9,4797.75,4827.14,29.39,24.0624.06
root - ERROR - Incomplete trade or Invalid number of rows (not >= 2): 1
root - ERROR - 432    => Trade ID = 0040c512-0001-54c4-0000-0000800c...
Name: Trade Id, dtype: object
root - INFO - 0015421d-0001-54c4-0000-0000805783fe,LONG,2021-05-24 13:19:17,2347.35,2460.87,-1.75,1.75,4306.52,4107.86,-198.66,-162.74-162.68
root - INFO - 0015421d-0001-54c4-0000-0000805783fc,LONG,2021-05-24 13:19:17,2347.35,2460.87,-0.1,0.1,246.09,234.74,-11.35,-9.3-9.29
root - INFO - 0015421d-0001-54c4-0000-0000805783fb,LONG,2021-05-24 13:19:17,2347.35,2460.87,-0.1,0.1,246.09,234.74,-11.35,-9.3-9.29
root - ERROR - RateNotFoundError for ID: 0015421d-0001-54c4-0000-000080570036, date = 2021-05-23
root - ERROR - Trying for the next possible date, counter = 0
root - ERROR - RateNotFoundError for ID: 0015421d-0001-54c4-0000-000080570036, date = 2021-05-23
root - ERROR - Trying for the next possible date, counter = 1
root - ERROR - RateNotFoundError for ID: 0015421d-0001-54c4-0000-000080570036, date = 2021-05-24
root - ERROR - Trying for the next possible date, counter = 0
root - ERROR - RateNotFoundError for ID: 0015421d-0001-54c4-0000-000080570036, date = 2021-05-24
root - ERROR - Trying for the next possible date, counter = 1
root - INFO - 0015421d-0001-54c4-0000-000080570036,SHORT,2021-05-24 13:11:09,2404.69,1836.64,1.23,-1.23,2259.07,2957.77,-698.7,-572.33-573.27
root - ERROR - Incomplete trade or Invalid number of rows (not >= 2): 1
root - ERROR - 454    => Trade ID = 043c715d-0001-54c4-0000-0000805e...
Name: Trade Id, dtype: object
root - ERROR - Incomplete trade or Invalid number of rows (not >= 2): 1
root - ERROR - 455    => Trade ID = 043c715d-0001-54c4-0000-0000805e...
Name: Trade Id, dtype: object
root - ERROR - Incomplete trade or Invalid number of rows (not >= 2): 1
root - ERROR - 456    => Trade ID = 043c715d-0001-54c4-0000-0000805e...
Name: Trade Id, dtype: object
root - ERROR - Incomplete trade or Invalid number of rows (not >= 2): 1
root - ERROR - 457    => Trade ID = 043c715d-0001-54c4-0000-0000805e...
Name: Trade Id, dtype: object
root - ERROR - Incomplete trade or Invalid number of rows (not >= 2): 1
root - ERROR - 458    => Trade ID = 043c715d-0001-54c4-0000-0000805e...
Name: Trade Id, dtype: object
root - INFO - 0015421d-0001-54c4-0000-0000805770ea,LONG,2021-05-24 11:37:41,2332.56,2330.76,-1.54,1.54,3589.37,3592.14,2.77,2.272.27
root - INFO - 0015421d-0001-54c4-0000-0000805770e9,LONG,2021-05-24 11:37:41,2332.56,2330.76,-0.01,0.01,23.31,23.33,0.02,0.010.01
root - INFO - 0015421d-0001-54c4-0000-0000805770e8,LONG,2021-05-24 11:37:41,2332.56,2330.76,-0.35,0.35,815.77,816.4,0.63,0.520.52
root - ERROR - RateNotFoundError for ID: 043c715d-0001-54c4-0000-0000805f056f, date = 2000-01-01
root - ERROR - Trying for the next possible date, counter = 0
root - ERROR - RateNotFoundError for ID: 043c715d-0001-54c4-0000-0000805f056f, date = 2000-01-01
root - ERROR - Trying for the next possible date, counter = 1
root - ERROR - RateNotFoundError for ID: 043c715d-0001-54c4-0000-0000805f056f, date = 2021-05-23
root - ERROR - Trying for the next possible date, counter = 0
root - ERROR - RateNotFoundError for ID: 043c715d-0001-54c4-0000-0000805f056f, date = 2021-05-23
root - ERROR - Trying for the next possible date, counter = 1
root - INFO - 043c715d-0001-54c4-0000-0000805f056f,0,2021-05-23 21:14:31,0.31,0,0,0,0,0,0,00
root - ERROR - RateNotFoundError for ID: 0015421d-0001-54c4-0000-00008056f97d, date = 2021-05-23
root - ERROR - Trying for the next possible date, counter = 0
root - ERROR - RateNotFoundError for ID: 0015421d-0001-54c4-0000-00008056f97d, date = 2021-05-23
root - ERROR - Trying for the next possible date, counter = 1
root - ERROR - RateNotFoundError for ID: 0015421d-0001-54c4-0000-00008056f97d, date = 2021-05-23
root - ERROR - Trying for the next possible date, counter = 0
root - ERROR - RateNotFoundError for ID: 0015421d-0001-54c4-0000-00008056f97d, date = 2021-05-23
root - ERROR - Trying for the next possible date, counter = 1
root - INFO - 0015421d-0001-54c4-0000-00008056f97d,LONG,2021-05-23 19:21:14,1952.71,1944.35,-2.0,2.0,3888.7,3905.42,16.72,13.7313.72
root - ERROR - Incomplete trade or Invalid number of rows (not >= 2): 1
root - ERROR - 472    => Trade ID = 043c715d-0001-54c4-0000-0000805e...
Name: Trade Id, dtype: object
root - ERROR - Incomplete trade or Invalid number of rows (not >= 2): 1
root - ERROR - 473    => Trade ID = 043c715d-0001-54c4-0000-0000805e...
Name: Trade Id, dtype: object
root - ERROR - Incomplete trade or Invalid number of rows (not >= 2): 1
root - ERROR - 474    => Trade ID = 043c715d-0001-54c4-0000-0000805e...
Name: Trade Id, dtype: object
root - ERROR - Incomplete trade or Invalid number of rows (not >= 2): 1
root - ERROR - 475    => Trade ID = 043c715d-0001-54c4-0000-0000805e...
Name: Trade Id, dtype: object
root - ERROR - Incomplete trade or Invalid number of rows (not >= 2): 1
root - ERROR - 476    => Trade ID = 043c715d-0001-54c4-0000-0000805e...
Name: Trade Id, dtype: object
root - ERROR - Incomplete trade or Invalid number of rows (not >= 2): 1
root - ERROR - 477    => Trade ID = 043c715d-0001-54c4-0000-0000805e...
Name: Trade Id, dtype: object
root - ERROR - Incomplete trade or Invalid number of rows (not >= 2): 1
root - ERROR - 478    => Trade ID = 043c715d-0001-54c4-0000-0000805e...
Name: Trade Id, dtype: object
root - ERROR - Incomplete trade or Invalid number of rows (not >= 2): 1
root - ERROR - 479    => Trade ID = 043c715d-0001-54c4-0000-0000805e...
Name: Trade Id, dtype: object
root - ERROR - RateNotFoundError for ID: 0015421d-0001-54c4-0000-00008056c7af, date = 2021-05-23
root - ERROR - Trying for the next possible date, counter = 0
root - ERROR - RateNotFoundError for ID: 0015421d-0001-54c4-0000-00008056c7af, date = 2021-05-23
root - ERROR - Trying for the next possible date, counter = 1
root - ERROR - RateNotFoundError for ID: 0015421d-0001-54c4-0000-00008056c7af, date = 2021-05-23
root - ERROR - Trying for the next possible date, counter = 0
root - ERROR - RateNotFoundError for ID: 0015421d-0001-54c4-0000-00008056c7af, date = 2021-05-23
root - ERROR - Trying for the next possible date, counter = 1
root - INFO - 0015421d-0001-54c4-0000-00008056c7af,LONG,2021-05-23 17:11:43,1946.4,1920.0,-0.03,0.03,57.6,58.39,0.79,0.650.65
root - ERROR - RateNotFoundError for ID: 0015421d-0001-54c4-0000-00008056c7b2, date = 2021-05-23
root - ERROR - Trying for the next possible date, counter = 0
root - ERROR - RateNotFoundError for ID: 0015421d-0001-54c4-0000-00008056c7b2, date = 2021-05-23
root - ERROR - Trying for the next possible date, counter = 1
root - ERROR - RateNotFoundError for ID: 0015421d-0001-54c4-0000-00008056c7b2, date = 2021-05-23
root - ERROR - Trying for the next possible date, counter = 0
root - ERROR - RateNotFoundError for ID: 0015421d-0001-54c4-0000-00008056c7b2, date = 2021-05-23
root - ERROR - Trying for the next possible date, counter = 1
root - INFO - 0015421d-0001-54c4-0000-00008056c7b2,LONG,2021-05-23 17:11:43,1946.4,1920.0,-0.04,0.04,76.8,77.86,1.06,0.870.87
root - ERROR - RateNotFoundError for ID: 0015421d-0001-54c4-0000-00008056c7a6, date = 2021-05-23
root - ERROR - Trying for the next possible date, counter = 0
root - ERROR - RateNotFoundError for ID: 0015421d-0001-54c4-0000-00008056c7a6, date = 2021-05-23
root - ERROR - Trying for the next possible date, counter = 1
root - ERROR - RateNotFoundError for ID: 0015421d-0001-54c4-0000-00008056c7a6, date = 2021-05-23
root - ERROR - Trying for the next possible date, counter = 0
root - ERROR - RateNotFoundError for ID: 0015421d-0001-54c4-0000-00008056c7a6, date = 2021-05-23
root - ERROR - Trying for the next possible date, counter = 1
root - INFO - 0015421d-0001-54c4-0000-00008056c7a6,LONG,2021-05-23 17:11:43,1946.4,1920.0,-0.05,0.05,96.0,97.32,1.32,1.081.08
root - ERROR - RateNotFoundError for ID: 0015421d-0001-54c4-0000-00008056c7a2, date = 2021-05-23
root - ERROR - Trying for the next possible date, counter = 0
root - ERROR - RateNotFoundError for ID: 0015421d-0001-54c4-0000-00008056c7a2, date = 2021-05-23
root - ERROR - Trying for the next possible date, counter = 1
root - ERROR - RateNotFoundError for ID: 0015421d-0001-54c4-0000-00008056c7a2, date = 2021-05-23
root - ERROR - Trying for the next possible date, counter = 0
root - ERROR - RateNotFoundError for ID: 0015421d-0001-54c4-0000-00008056c7a2, date = 2021-05-23
root - ERROR - Trying for the next possible date, counter = 1
root - INFO - 0015421d-0001-54c4-0000-00008056c7a2,LONG,2021-05-23 17:11:43,1946.4,1920.0,-0.03,0.03,57.6,58.39,0.79,0.650.65
root - ERROR - RateNotFoundError for ID: 0015421d-0001-54c4-0000-00008056c7b4, date = 2021-05-23
root - ERROR - Trying for the next possible date, counter = 0
root - ERROR - RateNotFoundError for ID: 0015421d-0001-54c4-0000-00008056c7b4, date = 2021-05-23
root - ERROR - Trying for the next possible date, counter = 1
root - ERROR - RateNotFoundError for ID: 0015421d-0001-54c4-0000-00008056c7b4, date = 2021-05-23
root - ERROR - Trying for the next possible date, counter = 0
root - ERROR - RateNotFoundError for ID: 0015421d-0001-54c4-0000-00008056c7b4, date = 2021-05-23
root - ERROR - Trying for the next possible date, counter = 1
root - INFO - 0015421d-0001-54c4-0000-00008056c7b4,LONG,2021-05-23 17:11:43,1946.4,1920.0,-0.35,0.35,672.0,681.24,9.24,7.597.58
root - ERROR - RateNotFoundError for ID: 0015421d-0001-54c4-0000-00008056c7ac, date = 2021-05-23
root - ERROR - Trying for the next possible date, counter = 0
root - ERROR - RateNotFoundError for ID: 0015421d-0001-54c4-0000-00008056c7ac, date = 2021-05-23
root - ERROR - Trying for the next possible date, counter = 1
root - ERROR - RateNotFoundError for ID: 0015421d-0001-54c4-0000-00008056c7ac, date = 2021-05-23
root - ERROR - Trying for the next possible date, counter = 0
root - ERROR - RateNotFoundError for ID: 0015421d-0001-54c4-0000-00008056c7ac, date = 2021-05-23
root - ERROR - Trying for the next possible date, counter = 1
root - INFO - 0015421d-0001-54c4-0000-00008056c7ac,LONG,2021-05-23 17:11:43,1946.4,1920.0,-0.1,0.1,192.0,194.64,2.64,2.172.17
root - ERROR - RateNotFoundError for ID: 0015421d-0001-54c4-0000-00008056c7a9, date = 2021-05-23
root - ERROR - Trying for the next possible date, counter = 0
root - ERROR - RateNotFoundError for ID: 0015421d-0001-54c4-0000-00008056c7a9, date = 2021-05-23
root - ERROR - Trying for the next possible date, counter = 1
root - ERROR - RateNotFoundError for ID: 0015421d-0001-54c4-0000-00008056c7a9, date = 2021-05-23
root - ERROR - Trying for the next possible date, counter = 0
root - ERROR - RateNotFoundError for ID: 0015421d-0001-54c4-0000-00008056c7a9, date = 2021-05-23
root - ERROR - Trying for the next possible date, counter = 1
root - INFO - 0015421d-0001-54c4-0000-00008056c7a9,LONG,2021-05-23 17:11:43,1946.4,1920.0,-0.1,0.1,192.0,194.64,2.64,2.172.17
root - ERROR - RateNotFoundError for ID: 0015421d-0001-54c4-0000-00008056c123, date = 2000-01-01
root - ERROR - Trying for the next possible date, counter = 0
root - ERROR - RateNotFoundError for ID: 0015421d-0001-54c4-0000-00008056c123, date = 2000-01-01
root - ERROR - Trying for the next possible date, counter = 1
root - ERROR - RateNotFoundError for ID: 0015421d-0001-54c4-0000-00008056c123, date = 2021-05-23
root - ERROR - Trying for the next possible date, counter = 0
root - ERROR - RateNotFoundError for ID: 0015421d-0001-54c4-0000-00008056c123, date = 2021-05-23
root - ERROR - Trying for the next possible date, counter = 1
root - INFO - 0015421d-0001-54c4-0000-00008056c123,0,2021-05-23 17:05:23,1962.98,0,0,0,0,0,0,00
root - ERROR - Incomplete trade or Invalid number of rows (not >= 2): 1
root - ERROR - 489    => Trade ID = 043c715d-0001-54c4-0000-0000805c...
Name: Trade Id, dtype: object
root - ERROR - RateNotFoundError for ID: 0015421d-0001-54c4-0000-00008056c532, date = 2021-05-23
root - ERROR - Trying for the next possible date, counter = 0
root - ERROR - RateNotFoundError for ID: 0015421d-0001-54c4-0000-00008056c532, date = 2021-05-23
root - ERROR - Trying for the next possible date, counter = 1
root - ERROR - RateNotFoundError for ID: 0015421d-0001-54c4-0000-00008056c532, date = 2021-05-23
root - ERROR - Trying for the next possible date, counter = 0
root - ERROR - RateNotFoundError for ID: 0015421d-0001-54c4-0000-00008056c532, date = 2021-05-23
root - ERROR - Trying for the next possible date, counter = 1
root - INFO - 0015421d-0001-54c4-0000-00008056c532,SHORT,2021-05-23 15:35:21,1940.07,1944.94,1.0,-1.0,1944.94,1940.07,4.87,4.03.99
